<?xml version="1.0" encoding="UTF-8"?>
<testng-results skipped="0" failed="0" ignored="0" total="1" passed="1">
  <reporter-output>
  </reporter-output>
  <suite name="Default suite" duration-ms="14164" started-at="2020-01-16T11:49:12 BRT" finished-at="2020-01-16T11:49:26 BRT">
    <groups>
    </groups>
    <test name="Default test" duration-ms="14164" started-at="2020-01-16T11:49:12 BRT" finished-at="2020-01-16T11:49:26 BRT">
      <class name="br.com.rsinet.hub_BDD.AdvantageBDD.SeleniumTest">
        <test-method status="PASS" signature="test()[pri:0, instance:br.com.rsinet.hub_BDD.AdvantageBDD.SeleniumTest@48503868]" name="test" duration-ms="14134" started-at="2020-01-16T11:49:12 BRT" finished-at="2020-01-16T11:49:26 BRT">
          <reporter-output>
          </reporter-output>
        </test-method> <!-- test -->
      </class> <!-- br.com.rsinet.hub_BDD.AdvantageBDD.SeleniumTest -->
    </test> <!-- Default test -->
  </suite> <!-- Default suite -->
</testng-results>
